<?xml version="1.0"?>
<!DOCTYPE container [
   <!ATTLIST xsl:stylesheet id ID #IMPLIED>
]>
<?xml-stylesheet type="text/xsl" href="#stylesheet"?>

<xsl:stylesheet id="stylesheet"
		version="1.0"
		xmlns="http://www.w3.org/1999/xhtml"
		xmlns:xsl="http://www.w3.org/1999/XSL/Transform">
	
	<!-- HTML output -->
	<!--
	<xsl:output
			method="html"
			doctype-system="http://www.w3.org/TR/html4/strict.dtd"
			doctype-public="-//W3C//DTD HTML 4.01//EN"/>
	-->
	
	<!-- XHTML output -->
	<xsl:output
			media-type="application/xhtml+xml"
			doctype-system="http://www.w3.org/TR/xhtml11/DTD/xhtml11.dtd"
			doctype-public="-//W3C//DTD XHTML 1.1//EN"/>

	<xsl:template match="/">
		<html>
			<head>
				<title>bug test</title>
				<script type="text/javascript" src="http://ajax.googleapis.com/ajax/libs/jquery/1.3.2/jquery.js"/>
				<script type="text/javascript">
					alert("Namespace = " + document.documentElement.namespaceURI + "\n" +
							"document.createElement('div').style = " +
							document.createElement('div').style + "\n" +
							"document.createElementNS('http://www.w3.org/1999/xhtml', 'div').style = " +
							document.createElementNS('http://www.w3.org/1999/xhtml', 'div').style);
					
				</script>
			</head>
			<body>
				<div>page loaded</div>
			</body>
		</html>
	</xsl:template>

</xsl:stylesheet>